[0416/191257.279:WARNING:chrome_browser_cloud_management_controller.cc(87)] Could not create policy manager as CBCM is not enabled.
[0416/195946.895:WARNING:chrome_browser_cloud_management_controller.cc(87)] Could not create policy manager as CBCM is not enabled.
[0416/204245.256:WARNING:chrome_browser_cloud_management_controller.cc(87)] Could not create policy manager as CBCM is not enabled.
[0416/204406.316:WARNING:chrome_browser_cloud_management_controller.cc(87)] Could not create policy manager as CBCM is not enabled.
[0416/204447.853:WARNING:chrome_browser_cloud_management_controller.cc(87)] Could not create policy manager as CBCM is not enabled.
[0416/204549.505:INFO:CONSOLE(62792)] "é”€é‡ series not exists. Legend data should be same with series name or data name.", source: file:///D:/%E5%A4%A7%E5%AD%A6/%E5%9E%83%E5%9C%BE%E6%B8%85%E8%BF%90/Garbagemanage/Garbagemanage/bin/Debug/myEcharts/echarts.js (62792)
[0416/204620.852:INFO:CONSOLE(62792)] "é”€é‡ series not exists. Legend data should be same with series name or data name.", source: file:///D:/%E5%A4%A7%E5%AD%A6/%E5%9E%83%E5%9C%BE%E6%B8%85%E8%BF%90/Garbagemanage/Garbagemanage/bin/Debug/myEcharts/echarts.js (62792)
[0416/204803.326:INFO:CONSOLE(62792)] "é”€é‡ series not exists. Legend data should be same with series name or data name.", source: file:///D:/%E5%A4%A7%E5%AD%A6/%E5%9E%83%E5%9C%BE%E6%B8%85%E8%BF%90/Garbagemanage/Garbagemanage/bin/Debug/myEcharts/echarts.js (62792)
[0416/204811.928:INFO:CONSOLE(62792)] "é”€é‡ series not exists. Legend data should be same with series name or data name.", source: file:///D:/%E5%A4%A7%E5%AD%A6/%E5%9E%83%E5%9C%BE%E6%B8%85%E8%BF%90/Garbagemanage/Garbagemanage/bin/Debug/myEcharts/echarts.js (62792)
[0416/204836.682:INFO:CONSOLE(62792)] "é”€é‡ series not exists. Legend data should be same with series name or data name.", source: file:///D:/%E5%A4%A7%E5%AD%A6/%E5%9E%83%E5%9C%BE%E6%B8%85%E8%BF%90/Garbagemanage/Garbagemanage/bin/Debug/myEcharts/echarts.js (62792)
[0416/204847.649:INFO:CONSOLE(62792)] "é”€é‡ series not exists. Legend data should be same with series name or data name.", source: file:///D:/%E5%A4%A7%E5%AD%A6/%E5%9E%83%E5%9C%BE%E6%B8%85%E8%BF%90/Garbagemanage/Garbagemanage/bin/Debug/myEcharts/echarts.js (62792)
[0416/205214.408:INFO:CONSOLE(62792)] "é”€é‡ series not exists. Legend data should be same with series name or data name.", source: file:///D:/%E5%A4%A7%E5%AD%A6/%E5%9E%83%E5%9C%BE%E6%B8%85%E8%BF%90/Garbagemanage/Garbagemanage/bin/Debug/myEcharts/echarts.js (62792)
[0416/205214.457:INFO:CONSOLE(62792)] "é”€é‡ series not exists. Legend data should be same with series name or data name.", source: file:///D:/%E5%A4%A7%E5%AD%A6/%E5%9E%83%E5%9C%BE%E6%B8%85%E8%BF%90/Garbagemanage/Garbagemanage/bin/Debug/myEcharts/echarts.js (62792)
[0416/205650.966:WARNING:chrome_browser_cloud_management_controller.cc(87)] Could not create policy manager as CBCM is not enabled.
[0416/205711.208:INFO:CONSOLE(62792)] "é”€é‡ series not exists. Legend data should be same with series name or data name.", source: file:///D:/%E5%A4%A7%E5%AD%A6/%E5%9E%83%E5%9C%BE%E6%B8%85%E8%BF%90/Garbagemanage/Garbagemanage/bin/Debug/myEcharts/echarts.js (62792)
[0416/205716.648:INFO:CONSOLE(62792)] "é”€é‡ series not exists. Legend data should be same with series name or data name.", source: file:///D:/%E5%A4%A7%E5%AD%A6/%E5%9E%83%E5%9C%BE%E6%B8%85%E8%BF%90/Garbagemanage/Garbagemanage/bin/Debug/myEcharts/echarts.js (62792)
[0416/205754.491:INFO:CONSOLE(62792)] "é”€é‡ series not exists. Legend data should be same with series name or data name.", source: file:///D:/%E5%A4%A7%E5%AD%A6/%E5%9E%83%E5%9C%BE%E6%B8%85%E8%BF%90/Garbagemanage/Garbagemanage/bin/Debug/myEcharts/echarts.js (62792)
[0416/205754.526:INFO:CONSOLE(62792)] "é”€é‡ series not exists. Legend data should be same with series name or data name.", source: file:///D:/%E5%A4%A7%E5%AD%A6/%E5%9E%83%E5%9C%BE%E6%B8%85%E8%BF%90/Garbagemanage/Garbagemanage/bin/Debug/myEcharts/echarts.js (62792)
[0416/210522.344:WARNING:chrome_browser_cloud_management_controller.cc(87)] Could not create policy manager as CBCM is not enabled.
[0416/210523.047:INFO:CONSOLE(62792)] "é”€é‡ series not exists. Legend data should be same with series name or data name.", source: file:///D:/%E5%A4%A7%E5%AD%A6/%E5%9E%83%E5%9C%BE%E6%B8%85%E8%BF%90/Garbagemanage/Garbagemanage/bin/Debug/myEcharts/echarts.js (62792)
[0416/210526.973:INFO:CONSOLE(62792)] "é”€é‡ series not exists. Legend data should be same with series name or data name.", source: file:///D:/%E5%A4%A7%E5%AD%A6/%E5%9E%83%E5%9C%BE%E6%B8%85%E8%BF%90/Garbagemanage/Garbagemanage/bin/Debug/myEcharts/echarts.js (62792)
[0416/210637.069:WARNING:chrome_browser_cloud_management_controller.cc(87)] Could not create policy manager as CBCM is not enabled.
[0416/210717.153:INFO:CONSOLE(62792)] "é”€é‡ series not exists. Legend data should be same with series name or data name.", source: file:///D:/%E5%A4%A7%E5%AD%A6/%E5%9E%83%E5%9C%BE%E6%B8%85%E8%BF%90/Garbagemanage/Garbagemanage/bin/Debug/myEcharts/echarts.js (62792)
[0416/210721.709:INFO:CONSOLE(62792)] "é”€é‡ series not exists. Legend data should be same with series name or data name.", source: file:///D:/%E5%A4%A7%E5%AD%A6/%E5%9E%83%E5%9C%BE%E6%B8%85%E8%BF%90/Garbagemanage/Garbagemanage/bin/Debug/myEcharts/echarts.js (62792)
[0416/210925.519:WARNING:chrome_browser_cloud_management_controller.cc(87)] Could not create policy manager as CBCM is not enabled.
[0416/210936.490:ERROR:command_buffer_proxy_impl.cc(128)] ContextResult::kTransientFailure: Failed to send GpuControl.CreateCommandBuffer.
[0416/211017.028:WARNING:chrome_browser_cloud_management_controller.cc(87)] Could not create policy manager as CBCM is not enabled.
[0416/211024.289:INFO:CONSOLE(62792)] "é”€é‡ series not exists. Legend data should be same with series name or data name.", source: file:///D:/%E5%A4%A7%E5%AD%A6/%E5%9E%83%E5%9C%BE%E6%B8%85%E8%BF%90/Garbagemanage/Garbagemanage/bin/Debug/myEcharts/echarts.js (62792)
[0416/211057.590:WARNING:chrome_browser_cloud_management_controller.cc(87)] Could not create policy manager as CBCM is not enabled.
[0416/211100.314:INFO:CONSOLE(62792)] "é”€é‡ series not exists. Legend data should be same with series name or data name.", source: file:///D:/%E5%A4%A7%E5%AD%A6/%E5%9E%83%E5%9C%BE%E6%B8%85%E8%BF%90/Garbagemanage/Garbagemanage/bin/Debug/myEcharts/echarts.js (62792)
[0416/211101.632:INFO:CONSOLE(62792)] "é”€é‡ series not exists. Legend data should be same with series name or data name.", source: file:///D:/%E5%A4%A7%E5%AD%A6/%E5%9E%83%E5%9C%BE%E6%B8%85%E8%BF%90/Garbagemanage/Garbagemanage/bin/Debug/myEcharts/echarts.js (62792)
[0416/211417.568:WARNING:chrome_browser_cloud_management_controller.cc(87)] Could not create policy manager as CBCM is not enabled.
[0416/211419.297:INFO:CONSOLE(62792)] "é”€é‡ series not exists. Legend data should be same with series name or data name.", source: file:///D:/%E5%A4%A7%E5%AD%A6/%E5%9E%83%E5%9C%BE%E6%B8%85%E8%BF%90/Garbagemanage/Garbagemanage/bin/Debug/myEcharts/echarts.js (62792)
[0416/211422.253:INFO:CONSOLE(62792)] "é”€é‡ series not exists. Legend data should be same with series name or data name.", source: file:///D:/%E5%A4%A7%E5%AD%A6/%E5%9E%83%E5%9C%BE%E6%B8%85%E8%BF%90/Garbagemanage/Garbagemanage/bin/Debug/myEcharts/echarts.js (62792)
[0416/211446.360:WARNING:chrome_browser_cloud_management_controller.cc(87)] Could not create policy manager as CBCM is not enabled.
[0416/211450.234:INFO:CONSOLE(62792)] "é”€é‡ series not exists. Legend data should be same with series name or data name.", source: file:///D:/%E5%A4%A7%E5%AD%A6/%E5%9E%83%E5%9C%BE%E6%B8%85%E8%BF%90/Garbagemanage/Garbagemanage/bin/Debug/myEcharts/echarts.js (62792)
[0416/211508.267:INFO:CONSOLE(1)] "Uncaught SyntaxError: Unexpected non-whitespace character after JSON at position 1", source: file:///D:/%E5%A4%A7%E5%AD%A6/%E5%9E%83%E5%9C%BE%E6%B8%85%E8%BF%90/Garbagemanage/Garbagemanage/bin/Debug/myEcharts/index.html (1)
[0416/211532.948:WARNING:chrome_browser_cloud_management_controller.cc(87)] Could not create policy manager as CBCM is not enabled.
[0416/211551.846:INFO:CONSOLE(62792)] "é”€é‡ series not exists. Legend data should be same with series name or data name.", source: file:///D:/%E5%A4%A7%E5%AD%A6/%E5%9E%83%E5%9C%BE%E6%B8%85%E8%BF%90/Garbagemanage/Garbagemanage/bin/Debug/myEcharts/echarts.js (62792)
[0416/211602.601:INFO:CONSOLE(62792)] "é”€é‡ series not exists. Legend data should be same with series name or data name.", source: file:///D:/%E5%A4%A7%E5%AD%A6/%E5%9E%83%E5%9C%BE%E6%B8%85%E8%BF%90/Garbagemanage/Garbagemanage/bin/Debug/myEcharts/echarts.js (62792)
[0416/211641.432:WARNING:chrome_browser_cloud_management_controller.cc(87)] Could not create policy manager as CBCM is not enabled.
[0416/211651.354:INFO:CONSOLE(62792)] "é”€é‡ series not exists. Legend data should be same with series name or data name.", source: file:///D:/%E5%A4%A7%E5%AD%A6/%E5%9E%83%E5%9C%BE%E6%B8%85%E8%BF%90/Garbagemanage/Garbagemanage/bin/Debug/myEcharts/echarts.js (62792)
[0416/211657.046:INFO:CONSOLE(62792)] "é”€é‡ series not exists. Legend data should be same with series name or data name.", source: file:///D:/%E5%A4%A7%E5%AD%A6/%E5%9E%83%E5%9C%BE%E6%B8%85%E8%BF%90/Garbagemanage/Garbagemanage/bin/Debug/myEcharts/echarts.js (62792)
[0416/211705.857:INFO:CONSOLE(62792)] "é”€é‡ series not exists. Legend data should be same with series name or data name.", source: file:///D:/%E5%A4%A7%E5%AD%A6/%E5%9E%83%E5%9C%BE%E6%B8%85%E8%BF%90/Garbagemanage/Garbagemanage/bin/Debug/myEcharts/echarts.js (62792)
[0416/211714.381:INFO:CONSOLE(62792)] "é”€é‡ series not exists. Legend data should be same with series name or data name.", source: file:///D:/%E5%A4%A7%E5%AD%A6/%E5%9E%83%E5%9C%BE%E6%B8%85%E8%BF%90/Garbagemanage/Garbagemanage/bin/Debug/myEcharts/echarts.js (62792)
[0416/211714.450:INFO:CONSOLE(62792)] "é”€é‡ series not exists. Legend data should be same with series name or data name.", source: file:///D:/%E5%A4%A7%E5%AD%A6/%E5%9E%83%E5%9C%BE%E6%B8%85%E8%BF%90/Garbagemanage/Garbagemanage/bin/Debug/myEcharts/echarts.js (62792)
[0416/211718.262:INFO:CONSOLE(62792)] "é”€é‡ series not exists. Legend data should be same with series name or data name.", source: file:///D:/%E5%A4%A7%E5%AD%A6/%E5%9E%83%E5%9C%BE%E6%B8%85%E8%BF%90/Garbagemanage/Garbagemanage/bin/Debug/myEcharts/echarts.js (62792)
[0416/211756.351:INFO:CONSOLE(62792)] "é”€é‡ series not exists. Legend data should be same with series name or data name.", source: file:///D:/%E5%A4%A7%E5%AD%A6/%E5%9E%83%E5%9C%BE%E6%B8%85%E8%BF%90/Garbagemanage/Garbagemanage/bin/Debug/myEcharts/echarts.js (62792)
[0416/211819.369:INFO:CONSOLE(62792)] "é”€é‡ series not exists. Legend data should be same with series name or data name.", source: file:///D:/%E5%A4%A7%E5%AD%A6/%E5%9E%83%E5%9C%BE%E6%B8%85%E8%BF%90/Garbagemanage/Garbagemanage/bin/Debug/myEcharts/echarts.js (62792)
[0416/211938.353:INFO:CONSOLE(62792)] "é”€é‡ series not exists. Legend data should be same with series name or data name.", source: file:///D:/%E5%A4%A7%E5%AD%A6/%E5%9E%83%E5%9C%BE%E6%B8%85%E8%BF%90/Garbagemanage/Garbagemanage/bin/Debug/myEcharts/echarts.js (62792)
[0416/213614.471:WARNING:chrome_browser_cloud_management_controller.cc(87)] Could not create policy manager as CBCM is not enabled.
[0416/213703.035:WARNING:chrome_browser_cloud_management_controller.cc(87)] Could not create policy manager as CBCM is not enabled.
[0416/214044.637:INFO:CONSOLE(62792)] "å¨ä½™åƒåœ¾ series not exists. Legend data should be same with series name or data name.", source: file:///D:/%E5%A4%A7%E5%AD%A6/%E5%9E%83%E5%9C%BE%E6%B8%85%E8%BF%90/Garbagemanage/Garbagemanage/bin/Debug/myEcharts/echarts.js (62792)
[0416/214044.637:INFO:CONSOLE(62792)] "å¯å›æ”¶åƒåœ¾ series not exists. Legend data should be same with series name or data name.", source: file:///D:/%E5%A4%A7%E5%AD%A6/%E5%9E%83%E5%9C%BE%E6%B8%85%E8%BF%90/Garbagemanage/Garbagemanage/bin/Debug/myEcharts/echarts.js (62792)
[0416/214044.637:INFO:CONSOLE(62792)] "æœ‰å®³åƒåœ¾ series not exists. Legend data should be same with series name or data name.", source: file:///D:/%E5%A4%A7%E5%AD%A6/%E5%9E%83%E5%9C%BE%E6%B8%85%E8%BF%90/Garbagemanage/Garbagemanage/bin/Debug/myEcharts/echarts.js (62792)
[0416/214044.637:INFO:CONSOLE(62792)] "æ€»é‡ series not exists. Legend data should be same with series name or data name.", source: file:///D:/%E5%A4%A7%E5%AD%A6/%E5%9E%83%E5%9C%BE%E6%B8%85%E8%BF%90/Garbagemanage/Garbagemanage/bin/Debug/myEcharts/echarts.js (62792)
[0416/214044.638:INFO:CONSOLE(62792)] "å…¶ä»–åƒåœ¾ series not exists. Legend data should be same with series name or data name.", source: file:///D:/%E5%A4%A7%E5%AD%A6/%E5%9E%83%E5%9C%BE%E6%B8%85%E8%BF%90/Garbagemanage/Garbagemanage/bin/Debug/myEcharts/echarts.js (62792)
[0416/214054.729:INFO:CONSOLE(62792)] "å¨ä½™åƒåœ¾ series not exists. Legend data should be same with series name or data name.", source: file:///D:/%E5%A4%A7%E5%AD%A6/%E5%9E%83%E5%9C%BE%E6%B8%85%E8%BF%90/Garbagemanage/Garbagemanage/bin/Debug/myEcharts/echarts.js (62792)
[0416/214054.730:INFO:CONSOLE(62792)] "å¯å›æ”¶åƒåœ¾ series not exists. Legend data should be same with series name or data name.", source: file:///D:/%E5%A4%A7%E5%AD%A6/%E5%9E%83%E5%9C%BE%E6%B8%85%E8%BF%90/Garbagemanage/Garbagemanage/bin/Debug/myEcharts/echarts.js (62792)
[0416/214054.732:INFO:CONSOLE(62792)] "æœ‰å®³åƒåœ¾ series not exists. Legend data should be same with series name or data name.", source: file:///D:/%E5%A4%A7%E5%AD%A6/%E5%9E%83%E5%9C%BE%E6%B8%85%E8%BF%90/Garbagemanage/Garbagemanage/bin/Debug/myEcharts/echarts.js (62792)
[0416/214054.733:INFO:CONSOLE(62792)] "æ€»é‡ series not exists. Legend data should be same with series name or data name.", source: file:///D:/%E5%A4%A7%E5%AD%A6/%E5%9E%83%E5%9C%BE%E6%B8%85%E8%BF%90/Garbagemanage/Garbagemanage/bin/Debug/myEcharts/echarts.js (62792)
[0416/214054.735:INFO:CONSOLE(62792)] "å…¶ä»–åƒåœ¾ series not exists. Legend data should be same with series name or data name.", source: file:///D:/%E5%A4%A7%E5%AD%A6/%E5%9E%83%E5%9C%BE%E6%B8%85%E8%BF%90/Garbagemanage/Garbagemanage/bin/Debug/myEcharts/echarts.js (62792)
[0416/214146.542:INFO:CONSOLE(62792)] "å¨ä½™åƒåœ¾ series not exists. Legend data should be same with series name or data name.", source: file:///D:/%E5%A4%A7%E5%AD%A6/%E5%9E%83%E5%9C%BE%E6%B8%85%E8%BF%90/Garbagemanage/Garbagemanage/bin/Debug/myEcharts/echarts.js (62792)
[0416/214146.542:INFO:CONSOLE(62792)] "å¯å›æ”¶åƒåœ¾ series not exists. Legend data should be same with series name or data name.", source: file:///D:/%E5%A4%A7%E5%AD%A6/%E5%9E%83%E5%9C%BE%E6%B8%85%E8%BF%90/Garbagemanage/Garbagemanage/bin/Debug/myEcharts/echarts.js (62792)
[0416/214146.542:INFO:CONSOLE(62792)] "æœ‰å®³åƒåœ¾ series not exists. Legend data should be same with series name or data name.", source: file:///D:/%E5%A4%A7%E5%AD%A6/%E5%9E%83%E5%9C%BE%E6%B8%85%E8%BF%90/Garbagemanage/Garbagemanage/bin/Debug/myEcharts/echarts.js (62792)
[0416/214146.546:INFO:CONSOLE(62792)] "æ€»é‡ series not exists. Legend data should be same with series name or data name.", source: file:///D:/%E5%A4%A7%E5%AD%A6/%E5%9E%83%E5%9C%BE%E6%B8%85%E8%BF%90/Garbagemanage/Garbagemanage/bin/Debug/myEcharts/echarts.js (62792)
[0416/214146.546:INFO:CONSOLE(62792)] "å…¶ä»–åƒåœ¾ series not exists. Legend data should be same with series name or data name.", source: file:///D:/%E5%A4%A7%E5%AD%A6/%E5%9E%83%E5%9C%BE%E6%B8%85%E8%BF%90/Garbagemanage/Garbagemanage/bin/Debug/myEcharts/echarts.js (62792)
<<<<<<< HEAD
[0416/214709.346:WARNING:chrome_browser_cloud_management_controller.cc(87)] Could not create policy manager as CBCM is not enabled.
[0416/225248.364:WARNING:dns_config_service_win.cc(583)] Failed to read DnsConfig.
[0416/225248.397:WARNING:dns_config_service_win.cc(583)] Failed to read DnsConfig.
[0417/081009.953:WARNING:dns_config_service_win.cc(583)] Failed to read DnsConfig.
[0417/081010.038:WARNING:dns_config_service_win.cc(583)] Failed to read DnsConfig.
[0417/081010.056:WARNING:dns_config_service_win.cc(583)] Failed to read DnsConfig.
[0417/081014.107:WARNING:dns_config_service_win.cc(583)] Failed to read DnsConfig.
[0417/081014.145:WARNING:dns_config_service_win.cc(583)] Failed to read DnsConfig.
[0417/081242.490:WARNING:dns_config_service_win.cc(583)] Failed to read DnsConfig.
[0417/081242.491:WARNING:dns_config_service_win.cc(583)] Failed to read DnsConfig.
=======
[0416/214511.007:WARNING:chrome_browser_cloud_management_controller.cc(87)] Could not create policy manager as CBCM is not enabled.
[0417/181045.303:WARNING:chrome_browser_cloud_management_controller.cc(87)] Could not create policy manager as CBCM is not enabled.
[0417/181045.341:WARNING:dns_config_service_win.cc(583)] Failed to read DnsConfig.
[0417/181045.790:WARNING:dns_config_service_win.cc(583)] Failed to read DnsConfig.
[0417/181050.352:WARNING:dns_config_service_win.cc(583)] Failed to read DnsConfig.
[0417/181050.803:WARNING:dns_config_service_win.cc(583)] Failed to read DnsConfig.
[0417/181100.359:WARNING:dns_config_service_win.cc(583)] Failed to read DnsConfig.
[0417/181100.817:WARNING:dns_config_service_win.cc(583)] Failed to read DnsConfig.
[0417/181120.369:WARNING:dns_config_service_win.cc(583)] Failed to read DnsConfig.
[0417/181120.833:WARNING:dns_config_service_win.cc(583)] Failed to read DnsConfig.
[0417/182609.800:WARNING:dns_config_service_win.cc(583)] Failed to read DnsConfig.
[0417/182609.809:WARNING:dns_config_service_win.cc(583)] Failed to read DnsConfig.
[0417/183354.322:WARNING:chrome_browser_cloud_management_controller.cc(87)] Could not create policy manager as CBCM is not enabled.
<<<<<<< HEAD
>>>>>>> 0c8d48a9e1f54eccd4b8fac28d557f8328598b93
=======
[0417/193342.551:WARNING:chrome_browser_cloud_management_controller.cc(87)] Could not create policy manager as CBCM is not enabled.
[0417/195054.439:WARNING:chrome_browser_cloud_management_controller.cc(87)] Could not create policy manager as CBCM is not enabled.
[0417/201106.124:WARNING:chrome_browser_cloud_management_controller.cc(87)] Could not create policy manager as CBCM is not enabled.
[0417/201156.005:WARNING:chrome_browser_cloud_management_controller.cc(87)] Could not create policy manager as CBCM is not enabled.
[0417/201410.890:WARNING:chrome_browser_cloud_management_controller.cc(87)] Could not create policy manager as CBCM is not enabled.
[0417/201629.258:WARNING:chrome_browser_cloud_management_controller.cc(87)] Could not create policy manager as CBCM is not enabled.
[0417/201949.288:WARNING:chrome_browser_cloud_management_controller.cc(87)] Could not create policy manager as CBCM is not enabled.
[0417/202024.177:WARNING:chrome_browser_cloud_management_controller.cc(87)] Could not create policy manager as CBCM is not enabled.
[0417/202053.521:WARNING:chrome_browser_cloud_management_controller.cc(87)] Could not create policy manager as CBCM is not enabled.
[0417/202225.875:WARNING:chrome_browser_cloud_management_controller.cc(87)] Could not create policy manager as CBCM is not enabled.
[0417/202322.469:WARNING:chrome_browser_cloud_management_controller.cc(87)] Could not create policy manager as CBCM is not enabled.
[0417/202351.302:WARNING:chrome_browser_cloud_management_controller.cc(87)] Could not create policy manager as CBCM is not enabled.
[0417/202428.201:WARNING:chrome_browser_cloud_management_controller.cc(87)] Could not create policy manager as CBCM is not enabled.
[0417/202522.029:WARNING:chrome_browser_cloud_management_controller.cc(87)] Could not create policy manager as CBCM is not enabled.
>>>>>>> 8e07cc9a299ef801045bd1af7cc9b18ecc62e8ea
[0419/132720.101:WARNING:chrome_browser_cloud_management_controller.cc(87)] Could not create policy manager as CBCM is not enabled.
[0419/132720.245:ERROR:component_installer.cc(298)] Failed to verify installation for Widevine Content Decryption Module (C:\Users\14989\AppData\Local\CEF\User Data\WidevineCdm\4.10.2557.0).: ÏµÍ³ÕÒ²»µ½Ö¸¶¨µÄÂ·¾¶¡£ (0x3)
[0419/141220.674:WARNING:chrome_browser_cloud_management_controller.cc(87)] Could not create policy manager as CBCM is not enabled.
[0419/141539.239:WARNING:chrome_browser_cloud_management_controller.cc(87)] Could not create policy manager as CBCM is not enabled.
[0419/142756.337:WARNING:chrome_browser_cloud_management_controller.cc(87)] Could not create policy manager as CBCM is not enabled.
